[21:22:43 6/7/2015] (dennis) !ver dennis-bot
[21:22:46 6/7/2015] (dennis) !ver dennis-bot
[21:22:58 6/7/2015] (dennis) !ver yossarian-bot 
[21:23:3 6/7/2015] (dennis) !botinfo
[21:23:8 6/7/2015] (dennis) !botinfo version
[21:24:41 6/7/2015] (dennis) .ver Uncled1023 
[21:24:44 6/7/2015] (dennis) .ver dennis-bot 
[21:24:48 6/7/2015] (dennis) doesnt work lel
[21:27:51 6/7/2015] (dennis) yossarian: your bot can't get my bots version
[21:27:56 6/7/2015] (dennis) !version dennis-bot 
[21:28:3 6/7/2015] (dennis) !ver dennis-bot 
[21:28:11 6/7/2015] (dennis) yossarian: what?
[21:28:13 6/7/2015] (dennis) idk
[21:28:39 6/7/2015] (dennis) >glitch art
[21:28:44 6/7/2015] (dennis) >costanza.jpg
[21:29:11 6/7/2015] (dennis) yknow whats a good weapon for home defense
[21:29:12 6/7/2015] (dennis) a katana
[21:29:45 6/7/2015] (dennis) !zalgo test
[21:33:59 6/7/2015] (dennis) !luther alusion
[21:34:4 6/7/2015] (dennis) !luther !
[21:34:19 6/7/2015] (dennis) !luther :
[21:34:30 6/7/2015] (dennis) !luther rms
[21:36:6 6/7/2015] (dennis) dennis-bot is written in lisp[
[21:36:23 6/7/2015] (dennis) and its the fastest bot online
[21:37:5 6/7/2015] (dennis) also
[21:37:12 6/7/2015] (dennis) anyone who crashes dennis bot gets a prize
[21:37:14 6/7/2015] (dennis) :source
[21:38:7 6/7/2015] (dennis) ButchDeLoria: how dare you
[21:38:11 6/7/2015] (dennis) insult the comfiness
[21:38:39 6/7/2015] (dennis) GreyMan: boi
[21:38:45 6/7/2015] (dennis) better watcshurself
[21:40:50 6/7/2015] (dennis) :eval perl/perl-5.20.0 print "ayy"
[21:41:16 6/7/2015] (dennis) no
[21:41:18 6/7/2015] (dennis) ;p;
[21:41:20 6/7/2015] (dennis) lol*
[21:41:22 6/7/2015] (dennis) chill
[21:41:40 6/7/2015] (dennis) :eval perl print "vitimiti is a fag"
[21:42:8 6/7/2015] (dennis) Uncled1023: if you can crash it u get a prize
[21:42:10 6/7/2015] (dennis) :sourcer
[21:42:13 6/7/2015] (dennis) :source
[21:42:22 6/7/2015] (dennis) thats the source
[21:42:51 6/7/2015] (dennis) mine is best
[21:42:57 6/7/2015] (dennis) just look at the source
[21:43:3 6/7/2015] (dennis) its so beautiful
[21:43:33 6/7/2015] (dennis) weve had this convo many times
[21:43:39 6/7/2015] (dennis) .bots is not a good measure for speed
[21:43:50 6/7/2015] (dennis) besides
[21:43:56 6/7/2015] (dennis) I havent compiled mine yet
[21:44:45 6/7/2015] (dennis) what should my bot do?
[21:44:50 6/7/2015] (dennis) >inb4 part
[21:45:44 6/7/2015] (dennis) my bot now logs
[21:45:46 6/7/2015] (dennis) based
[21:47:41 6/7/2015] (dennis) .eval haskell print 1
[21:47:51 6/7/2015] (dennis) .eval ruby puts 1
[21:48:5 6/7/2015] (dennis) :eval haskell print 1
[21:48:49 6/7/2015] (dennis) GreyMan: vim vs emacs
[21:49:18 6/7/2015] (dennis) no
[21:49:21 6/7/2015] (dennis) I meant your quote
[21:49:34 6/7/2015] (dennis) emacs a shit
[21:49:38 6/7/2015] (dennis) and im a lisp programmer
[21:50:7 6/7/2015] (dennis) :eval haskell putChar 'a'
[21:50:16 6/7/2015] (dennis) :eval haskell Print 1
[21:50:20 6/7/2015] (dennis) fuck
[21:50:22 6/7/2015] (dennis) I hate hasklel
[21:50:42 6/7/2015] (dennis) the feeling is mutual
[21:51:13 6/7/2015] (dennis) :eval haskell print [1..3]
[21:51:31 6/7/2015] (dennis) java is objectively shit
[21:52:24 6/7/2015] (dennis) lisp is more stable
[21:52:29 6/7/2015] (dennis) people probably die because of java
[21:52:53 6/7/2015] (dennis) >life support system on java
[21:52:58 6/7/2015] (dennis) >null pointer exception
[21:53:15 6/7/2015] (dennis) lisp is like 100000% more stable than any other language
[21:53:41 6/7/2015] (dennis) the lisp standard hasnt changed since like before java was created
[21:53:55 6/7/2015] (dennis) and the last update to sbcl was like a week ago
[21:54:18 6/7/2015] (dennis) so they have spent like 40 years just on stability and efficiency
[22:0:1 6/7/2015] (dennis) fucking islams
[22:3:8 6/7/2015] (dennis) :eval python print(2 + 2)
[22:3:41 6/7/2015] (id_just) :eval python from __future__ import parenthesis
[22:3:45 6/7/2015] (id_just) ...
[22:3:52 6/7/2015] (dennis) id_just: I just emailed you the source
[22:3:57 6/7/2015] (dennis) if you want to try to break it
[22:3:58 6/7/2015] (id_just) you write the data to a file
[22:4:0 6/7/2015] (id_just) then execute it
[22:4:3 6/7/2015] (dennis) :source
[22:4:5 6/7/2015] (id_just) that's your first problem
[22:4:10 6/7/2015] (id_just) yes
[22:4:17 6/7/2015] (id_just) to a non lisp programmer, even
[22:4:31 6/7/2015] (dennis) id_just: look at the eval in the source
[22:4:48 6/7/2015] (dennis) fetus: blog?
[22:5:1 6/7/2015] (dennis) outsourcing?
[22:5:6 6/7/2015] (dennis) this bot isnt written in java
[22:6:24 6/7/2015] (id_just) :eval python/cpython-2.7.8 print __version__
[22:6:46 6/7/2015] (dennis) id_just: you wont be able to break it
[22:6:54 6/7/2015] (dennis) look at the source to see why
[22:6:56 6/7/2015] (dennis) :source
[22:6:57 6/7/2015] (id_just) I can't even read it
[22:7:4 6/7/2015] (dennis) in plugins/eval.lisp
[22:7:10 6/7/2015] (dennis) cmon
[22:7:12 6/7/2015] (id_just) stp:do-recursively cxml-stp:make-builder
[22:7:13 6/7/2015] (dennis) its not that bad
[22:7:16 6/7/2015] (id_just) make builder
[22:7:21 6/7/2015] (id_just) what
[22:7:44 6/7/2015] (dennis) its a function that returns a function that is passed as a builder function
[22:7:51 6/7/2015] (id_just) what does stp:local-name do
[22:8:16 6/7/2015] (dennis) (stp:local-name "<a href=lel></a>") ==> a
[22:8:20 6/7/2015] (id_just) and what the fuck is x
[22:8:20 6/7/2015] (dennis) well
[22:8:24 6/7/2015] (dennis) not excacttly
[22:8:26 6/7/2015] (dennis) but ayy
[22:8:31 6/7/2015] (id_just) 'a or "a"
[22:8:34 6/7/2015] (dennis) x is declared on line 17
[22:8:40 6/7/2015] (dennis) id_just: neither
[22:8:42 6/7/2015] (dennis) but ayy
[22:8:54 6/7/2015] (id_just) so do-recursively must be a macro
[22:8:57 6/7/2015] (dennis) yes
[22:9:6 6/7/2015] (dennis) also
[22:9:6 6/7/2015] (id_just) because otherwise you're evaluating a variable that hasn't been assigned yet
[22:9:9 6/7/2015] (dennis) line 27
[22:9:23 6/7/2015] (id_just) what about it
[22:9:27 6/7/2015] (dennis) best lambda
[22:9:31 6/7/2015] (id_just) that's simpler than 17
[22:9:36 6/7/2015] (dennis) no
[22:9:41 6/7/2015] (dennis) also
[22:9:44 6/7/2015] (id_just) yeah
[22:9:45 6/7/2015] (dennis) concatenate words
[22:9:50 6/7/2015] (dennis) can you guess what that does?
[22:10:22 6/7/2015] (dennis) :cbsg
[22:10:37 6/7/2015] (id_just) it's (apply #(lambda (x) (concatenate 'string x) list)
[22:10:40 6/7/2015] (id_just) or something like that
[22:10:47 6/7/2015] (dennis) a little bit
[22:10:48 6/7/2015] (id_just) oh
[22:11:0 6/7/2015] (id_just) and Iscrewed that up
[22:11:8 6/7/2015] (id_just) but it's close to that
[22:11:19 6/7/2015] (dennis) the code is really clean tho
[22:11:25 6/7/2015] (dennis) I just realized
[22:11:29 6/7/2015] (id_just) :eval python pass
[22:11:34 6/7/2015] (dennis) yossarian-bot: isnt my bots code clean?
[22:11:43 6/7/2015] (dennis) yossarian
[22:11:46 6/7/2015] (dennis) not yossarian-bot 
[22:12:18 6/7/2015] (dennis) to do what?
[22:12:22 6/7/2015] (id_just) what's (user)
[22:12:29 6/7/2015] (dennis) id_just: where?
[22:12:35 6/7/2015] (id_just) (user msg)
[22:12:39 6/7/2015] (id_just) 28
[22:12:41 6/7/2015] (dennis) its an accessor
[22:12:58 6/7/2015] (dennis) basically
[22:13:1 6/7/2015] (dennis) you do msg.user
[22:13:6 6/7/2015] (dennis) we do (user msg)
[22:13:45 6/7/2015] (id_just) so user is an object and msg is a property
[22:13:57 6/7/2015] (dennis) msg is an accessor function to a property
[22:14:11 6/7/2015] (id_just) oh so (user msg) returns a function
[22:14:15 6/7/2015] (dennis) no
[22:14:17 6/7/2015] (dennis) it is a function
[22:14:26 6/7/2015] (dennis) that returns the value of the property user
[22:14:46 6/7/2015] (dennis) look at the definition of the class user-msg
[22:14:47 6/7/2015] (id_just) oh so msg is the object and user is the property
[22:14:52 6/7/2015] (dennis) main.lisp:25
[22:15:13 6/7/2015] (id_just) main.lisp is 15 lines long
[22:15:19 6/7/2015] (dennis) irc.lisp I mean
[22:15:21 6/7/2015] (dennis) lel
[22:19:0 6/7/2015] (dennis) .intro
[22:19:2 6/7/2015] (dennis) .intros
[22:19:4 6/7/2015] (dennis) .intros list
[22:19:31 6/7/2015] (dennis) .intro del 1
[22:21:31 6/7/2015] (dennis) .intro add .b Cosmonaut 
[22:22:21 6/7/2015] (dennis) .intro del 1
[22:22:37 6/7/2015] (dennis) !intro add .pingme
[22:23:15 6/7/2015] (dennis) .intro add !ping
[22:23:31 6/7/2015] (dennis) .intro del 1
[22:25:35 6/7/2015] (dennis) Vorda: a hammer
[22:29:35 6/7/2015] (id_just) .intros list
[22:29:50 6/7/2015] (id_just) .intro list
[22:30:0 6/7/2015] (id_just) .intro view
[22:30:44 6/7/2015] (id_just) lol
[22:55:35 6/7/2015] (dennis) fetus: mine
[22:55:39 6/7/2015] (id_just) MEMER DETECTED
[22:55:40 6/7/2015] (dennis) yossarian: beat me to it
[22:55:41 6/7/2015] (id_just) REEEEEEEEEEEEEEEEEEEEE
[22:55:51 6/7/2015] (dennis) id_just: wat
[22:56:1 6/7/2015] (dennis) !help
[22:56:20 6/7/2015] (dennis) >rss
[22:56:35 6/7/2015] (dennis) what do you think I am, an mit compsci professor?
[22:57:3 6/7/2015] (dennis) most bloggers are fags
[22:57:41 6/7/2015] (dennis) link?
[22:58:12 6/7/2015] (dennis) >watching vlogs 
[22:58:52 6/7/2015] (dennis) >transhumanism, mixed reality, and lain all in one front page
[22:58:55 6/7/2015] (dennis) I think im good
[23:0:20 6/7/2015] (dennis) ,moe
[23:0:36 6/7/2015] (dennis) Shabba: >being this new
[23:2:40 6/7/2015] (dennis) FFFUCCKKKING NORRRMIIIIESSSS REEEEEEEEEE
[23:4:28 6/7/2015] (dennis) lel internet
[23:4:37 6/7/2015] (dennis) !mail
[23:4:41 6/7/2015] (dennis) !help mail
[23:4:50 6/7/2015] (dennis) !mail yossarian lel ur wifi a shit
[23:7:55 6/7/2015] (dennis) !help
[23:15:52 6/7/2015] (id_just) 405: Method not permitted
[23:18:3 6/7/2015] (id_just) 503: Service unavailable
[23:24:45 6/7/2015] (dennis) :mail dennis ayy
[23:25:11 6/7/2015] (dennis) :mail dennis ayy
[23:25:16 6/7/2015] (dennis) a
[23:25:21 6/7/2015] (dennis) :mail dennis ayy
[23:25:24 6/7/2015] (dennis) :mail dennis lmao
[23:25:26 6/7/2015] (dennis) a
[23:26:4 6/7/2015] (dennis) :mail dennis ayy lmao
[23:26:7 6/7/2015] (dennis) :mail dennis ayy lmao
[23:26:9 6/7/2015] (dennis) a
[23:26:14 6/7/2015] (dennis) :mail dennis ayy lmao
[23:26:20 6/7/2015] (dennis) :mail dennis ayy lmao
[23:26:21 6/7/2015] (dennis) :mail dennis ayy lmao
[23:26:23 6/7/2015] (dennis) :mail dennis ayy lmao
[23:28:53 6/7/2015] (dennis) what?
[23:30:33 6/7/2015] (dennis) !mail id_just I got mail to work
[23:30:38 6/7/2015] (dennis) :mail id_just I got mail to work
[23:30:41 6/7/2015] (id_just) what
[23:30:50 6/7/2015] (dennis) did u get mail from my bot?
[23:30:51 6/7/2015] (id_just) and it PM'd me
[23:30:58 6/7/2015] (id_just) what if I were offline
[23:31:2 6/7/2015] (dennis) it would wait
[23:31:8 6/7/2015] (id_just) does it store it
[23:31:12 6/7/2015] (dennis) yes
[23:31:20 6/7/2015] (id_just) i.e. if you turned it off and on again later, would it still send it to me
[23:31:20 6/7/2015] (dennis) mine behaves the same as his
[23:31:23 6/7/2015] (dennis) but faster
[23:31:27 6/7/2015] (dennis) id_just: no
[23:31:28 6/7/2015] (id_just) https://i.imgur.com/2TsK9wS.jpg
[23:31:41 6/7/2015] (id_just) wait wrong picture
[23:31:42 6/7/2015] (id_just) https://i.imgur.com/2TsK9wS.jpg
[23:31:44 6/7/2015] (id_just) wait
[23:31:51 6/7/2015] (dennis) :mail yossarian https://benchmarksgame.alioth.debian.org/u64q/compare.php?lang=sbcl&lang2=yarv
[23:32:2 6/7/2015] (dennis) #roasted
[23:32:5 6/7/2015] (dennis) #poked
[23:32:7 6/7/2015] (dennis) #and
[23:32:9 6/7/2015] (dennis) #smoked
[23:32:9 6/7/2015] (id_just) wtf can't upload to imgur
[23:32:11 6/7/2015] (id_just) 405 not allowed
[23:32:16 6/7/2015] (dennis) rekt
[23:32:23 6/7/2015] (id_just) ^
[23:32:36 6/7/2015] (id_just) .bots
[23:32:51 6/7/2015] (dennis) #hot
[23:32:52 6/7/2015] (dennis) #fire
[23:32:53 6/7/2015] (id_just) yossarian-bot > dennis-bot confirmed, written in ruby
[23:32:57 6/7/2015] (dennis) what
[23:32:59 6/7/2015] (dennis) no
[23:33:3 6/7/2015] (dennis) dennis-bot spoke first
[23:33:15 6/7/2015] (id_just) nginx
[23:33:19 6/7/2015] (id_just) ishygttd
[23:33:50 6/7/2015] (dennis) >getting rid of things
[23:33:56 6/7/2015] (dennis) its like you dont even hoard
[23:34:11 6/7/2015] (dennis) >turkey
[23:34:21 6/7/2015] (dennis) enjoy getting kebabed by kebabs
[23:39:27 6/7/2015] (dennis) northern virginia ftw
[23:40:12 6/7/2015] (dennis) Shabba: better wachurselfboi
[23:53:12 6/7/2015] (dennis) !about
[23:53:18 6/7/2015] (dennis) :about
[23:54:23 6/7/2015] (dennis) >I have to launch steam now
[23:54:29 6/7/2015] (dennis) FUGG :DD
[23:54:33 6/7/2015] (dennis) alusion: no
[23:54:48 6/7/2015] (dennis) .bots
[1:48:49 6/8/2015] (dennis) what plugin should I add to dennis-bot?
[1:49:58 6/8/2015] (dennis) no
[1:50:1 6/8/2015] (dennis) that takes space
[1:50:4 6/8/2015] (dennis) I know
[1:50:10 6/8/2015] (dennis) ill add a command to add suggestions
[1:50:13 6/8/2015] (dennis) :^)
[1:50:36 6/8/2015] (dennis) >c#
[1:50:40 6/8/2015] (dennis) they would be right
[1:51:8 6/8/2015] (dennis) SirCmpwn: where do you get the index?
[1:53:44 6/8/2015] (dennis) my nigga
[1:53:48 6/8/2015] (dennis) terminus is the real deal
[1:54:26 6/8/2015] (dennis) is it monospace and non-antialiased?
[1:54:34 6/8/2015] (dennis) ne: link?
[1:55:36 6/8/2015] (dennis) nice
[1:55:38 6/8/2015] (dennis) but
[1:55:41 6/8/2015] (dennis) I prefer terminus
[1:55:52 6/8/2015] (dennis) id give u a screenshot if it werent so much work
[2:10:29 6/8/2015] (dennis) :suggest make ur bot less shit lel
[2:12:43 6/8/2015] (dennis) :suggest test
[2:12:49 6/8/2015] (dennis) :suggestions
[2:14:1 6/8/2015] (dennis) :suggestions
[2:14:5 6/8/2015] (dennis) :suggest test
[2:14:7 6/8/2015] (dennis) :suggestions
[2:14:14 6/8/2015] (dennis) :suggest niggers
[2:14:19 6/8/2015] (dennis) :suggest fuck this bot sucks
[2:14:21 6/8/2015] (dennis) :suggestions
[2:16:52 6/8/2015] (dennis) :suggest fuck this bot sucks
[2:16:54 6/8/2015] (dennis) :suggest niggers
[2:16:56 6/8/2015] (dennis) :suggestions
[2:18:45 6/8/2015] (dennis) ls
[2:18:54 6/8/2015] (dennis) :suggest lel
[2:18:56 6/8/2015] (dennis) :suggest kek
[2:18:58 6/8/2015] (dennis) :suggest test
[2:19:2 6/8/2015] (dennis) :suggestions
[2:19:58 6/8/2015] (dennis) :suggest test
[2:20:0 6/8/2015] (dennis) :suggest kek
[2:20:4 6/8/2015] (dennis) :suggest lel
[2:20:10 6/8/2015] (dennis) :suggestions
[2:25:39 6/8/2015] (dennis) :reload
[2:25:44 6/8/2015] (dennis) fuck you
[2:26:20 6/8/2015] (dennis) :reload
[2:26:50 6/8/2015] (dennis) :reload
[2:27:33 6/8/2015] (dennis) :reload
[2:27:42 6/8/2015] (dennis) :reload
[2:28:58 6/8/2015] (dennis) :cbsg
[2:29:2 6/8/2015] (dennis) :reload
[2:29:36 6/8/2015] (dennis) :reload
[2:30:45 6/8/2015] (dennis) :reload
[2:31:59 6/8/2015] (dennis) :reload
[2:32:15 6/8/2015] (dennis) :reload
[2:32:40 6/8/2015] (dennis) :reload
[2:34:56 6/8/2015] (dennis) :reload
[2:34:58 6/8/2015] (dennis) :reload
[2:35:9 6/8/2015] (dennis) :reload
[2:35:22 6/8/2015] (dennis) :reload
[2:35:36 6/8/2015] (dennis) :reload
[22:3:1 6/16/2015] (dennis) >tfw dennis-bot takes ages to compile
[22:3:1 6/16/2015] (dennis) installgen2: wouldnt you like that?
[22:3:1 6/16/2015] (dennis) #POKED AND SMOKED
[22:3:19 6/16/2015] (dennis) too late
[22:4:23 6/16/2015] (dennis) here we go
[22:4:30 6/16/2015] (dennis) :about
[22:4:47 6/16/2015] (dennis) .bots
[22:5:0 6/16/2015] (dennis) try :eval
[22:5:13 6/16/2015] (dennis) :eval ruby puts 1 + 1
[22:5:28 6/16/2015] (dennis) you have to specify a language
[22:5:35 6/16/2015] (dennis) look at the available languages at
[22:5:36 6/16/2015] (dennis) :source
[22:5:52 6/16/2015] (dennis) excuse the horrible code
